c:\users\cryo-pc\source\repos\farmingrush\farmingrush\debug\vc141.pdb
c:\users\cryo-pc\source\repos\farmingrush\farmingrush\debug\vc141.idb
c:\users\cryo-pc\source\repos\farmingrush\farmingrush\debug\textdisplay.obj
c:\users\cryo-pc\source\repos\farmingrush\farmingrush\debug\state.obj
c:\users\cryo-pc\source\repos\farmingrush\farmingrush\debug\player.obj
c:\users\cryo-pc\source\repos\farmingrush\farmingrush\debug\platform.obj
c:\users\cryo-pc\source\repos\farmingrush\farmingrush\debug\plant.obj
c:\users\cryo-pc\source\repos\farmingrush\farmingrush\debug\main.obj
c:\users\cryo-pc\source\repos\farmingrush\farmingrush\debug\inventory.obj
c:\users\cryo-pc\source\repos\farmingrush\farmingrush\debug\collision.obj
c:\users\cryo-pc\source\repos\farmingrush\farmingrush\debug\animation.obj
c:\users\cryo-pc\source\repos\farmingrush\debug\farmingrush.ilk
c:\users\cryo-pc\source\repos\farmingrush\debug\farmingrush.exe
c:\users\cryo-pc\source\repos\farmingrush\debug\farmingrush.pdb
c:\users\cryo-pc\source\repos\farmingrush\farmingrush\debug\farmingrush.tlog\cl.command.1.tlog
c:\users\cryo-pc\source\repos\farmingrush\farmingrush\debug\farmingrush.tlog\cl.read.1.tlog
c:\users\cryo-pc\source\repos\farmingrush\farmingrush\debug\farmingrush.tlog\cl.write.1.tlog
c:\users\cryo-pc\source\repos\farmingrush\farmingrush\debug\farmingrush.tlog\link.command.1.tlog
c:\users\cryo-pc\source\repos\farmingrush\farmingrush\debug\farmingrush.tlog\link.read.1.tlog
c:\users\cryo-pc\source\repos\farmingrush\farmingrush\debug\farmingrush.tlog\link.write.1.tlog
